{"/home/blackjak/bitws-js/dist/bitws-js.js":{"path":"/home/blackjak/bitws-js/dist/bitws-js.js","s":{"1":1,"2":1,"3":1,"4":1,"5":1,"6":1,"7":1,"8":1,"9":1,"10":1,"11":1,"12":1,"13":1,"14":1,"15":0,"16":0,"17":1,"18":1,"19":1,"20":1,"21":0,"22":1,"23":1,"24":1,"25":1,"26":1,"27":1,"28":1,"29":1,"30":1,"31":1,"32":1,"33":1,"34":1,"35":1,"36":1,"37":1,"38":1,"39":1,"40":1,"41":1,"42":1,"43":1,"44":1,"45":0,"46":1,"47":8,"48":1,"49":1,"50":1,"51":1,"52":1,"53":1,"54":1,"55":1,"56":1,"57":0,"58":0,"59":1,"60":6,"61":6,"62":1,"63":6,"64":6,"65":4,"66":6,"67":6,"68":6,"69":6,"70":6,"71":1,"72":6,"73":6,"74":0,"75":6,"76":6,"77":6,"78":6,"79":6,"80":6,"81":0,"82":6,"83":0,"84":6,"85":6,"86":0,"87":6,"88":2,"89":4,"90":1},"b":{"1":[0,1],"2":[1,0],"3":[1,0],"4":[0,1],"5":[4,2],"6":[6,4],"7":[0,6],"8":[0,6],"9":[0,6],"10":[0,6],"11":[2,4],"12":[6,6]},"f":{"1":1,"2":1,"3":1,"4":1,"5":1,"6":1,"7":0,"8":6,"9":6,"10":6},"fnMap":{"1":{"name":"deriveKeys","line":37,"loc":{"start":{"line":37,"column":0},"end":{"line":37,"column":53}}},"2":{"name":"recoverKeys","line":85,"loc":{"start":{"line":85,"column":0},"end":{"line":85,"column":31}}},"3":{"name":"newKeys","line":110,"loc":{"start":{"line":110,"column":0},"end":{"line":110,"column":18}}},"4":{"name":"keyToBuffer","line":134,"loc":{"start":{"line":134,"column":0},"end":{"line":134,"column":26}}},"5":{"name":"checkBytes","line":157,"loc":{"start":{"line":157,"column":0},"end":{"line":157,"column":26}}},"6":{"name":"privToWif","line":170,"loc":{"start":{"line":170,"column":0},"end":{"line":170,"column":25}}},"7":{"name":"wifToPriv","line":180,"loc":{"start":{"line":180,"column":0},"end":{"line":180,"column":24}}},"8":{"name":"jwtHeader","line":195,"loc":{"start":{"line":195,"column":0},"end":{"line":195,"column":26}}},"9":{"name":"signSerialize","line":215,"loc":{"start":{"line":215,"column":0},"end":{"line":215,"column":49}}},"10":{"name":"validateDeserialize","line":245,"loc":{"start":{"line":245,"column":0},"end":{"line":245,"column":56}}}},"statementMap":{"1":{"start":{"line":1,"column":0},"end":{"line":1,"column":27}},"2":{"start":{"line":2,"column":0},"end":{"line":2,"column":37}},"3":{"start":{"line":3,"column":0},"end":{"line":3,"column":43}},"4":{"start":{"line":4,"column":0},"end":{"line":4,"column":38}},"5":{"start":{"line":5,"column":0},"end":{"line":5,"column":41}},"6":{"start":{"line":6,"column":0},"end":{"line":6,"column":38}},"7":{"start":{"line":7,"column":0},"end":{"line":7,"column":49}},"8":{"start":{"line":23,"column":0},"end":{"line":23,"column":17}},"9":{"start":{"line":24,"column":0},"end":{"line":24,"column":22}},"10":{"start":{"line":37,"column":0},"end":{"line":71,"column":1}},"11":{"start":{"line":38,"column":4},"end":{"line":38,"column":36}},"12":{"start":{"line":39,"column":4},"end":{"line":39,"column":35}},"13":{"start":{"line":40,"column":4},"end":{"line":40,"column":33}},"14":{"start":{"line":42,"column":4},"end":{"line":48,"column":5}},"15":{"start":{"line":43,"column":8},"end":{"line":43,"column":46}},"16":{"start":{"line":44,"column":8},"end":{"line":44,"column":23}},"17":{"start":{"line":46,"column":8},"end":{"line":46,"column":57}},"18":{"start":{"line":47,"column":8},"end":{"line":47,"column":51}},"19":{"start":{"line":51,"column":4},"end":{"line":55,"column":5}},"20":{"start":{"line":52,"column":8},"end":{"line":52,"column":79}},"21":{"start":{"line":54,"column":8},"end":{"line":54,"column":42}},"22":{"start":{"line":56,"column":4},"end":{"line":56,"column":61}},"23":{"start":{"line":57,"column":4},"end":{"line":57,"column":80}},"24":{"start":{"line":59,"column":4},"end":{"line":59,"column":34}},"25":{"start":{"line":61,"column":4},"end":{"line":70,"column":6}},"26":{"start":{"line":85,"column":0},"end":{"line":107,"column":1}},"27":{"start":{"line":86,"column":4},"end":{"line":86,"column":79}},"28":{"start":{"line":87,"column":4},"end":{"line":87,"column":39}},"29":{"start":{"line":88,"column":4},"end":{"line":88,"column":42}},"30":{"start":{"line":89,"column":4},"end":{"line":89,"column":43}},"31":{"start":{"line":90,"column":4},"end":{"line":90,"column":42}},"32":{"start":{"line":92,"column":4},"end":{"line":92,"column":73}},"33":{"start":{"line":93,"column":4},"end":{"line":93,"column":40}},"34":{"start":{"line":94,"column":4},"end":{"line":94,"column":66}},"35":{"start":{"line":95,"column":4},"end":{"line":95,"column":47}},"36":{"start":{"line":97,"column":4},"end":{"line":106,"column":6}},"37":{"start":{"line":110,"column":0},"end":{"line":117,"column":1}},"38":{"start":{"line":111,"column":4},"end":{"line":111,"column":41}},"39":{"start":{"line":112,"column":4},"end":{"line":116,"column":6}},"40":{"start":{"line":134,"column":0},"end":{"line":148,"column":1}},"41":{"start":{"line":135,"column":4},"end":{"line":135,"column":38}},"42":{"start":{"line":136,"column":4},"end":{"line":136,"column":40}},"43":{"start":{"line":137,"column":4},"end":{"line":137,"column":40}},"44":{"start":{"line":139,"column":4},"end":{"line":141,"column":5}},"45":{"start":{"line":140,"column":8},"end":{"line":140,"column":45}},"46":{"start":{"line":143,"column":4},"end":{"line":145,"column":5}},"47":{"start":{"line":144,"column":8},"end":{"line":144,"column":26}},"48":{"start":{"line":147,"column":4},"end":{"line":147,"column":29}},"49":{"start":{"line":157,"column":0},"end":{"line":162,"column":1}},"50":{"start":{"line":158,"column":4},"end":{"line":158,"column":43}},"51":{"start":{"line":159,"column":4},"end":{"line":159,"column":44}},"52":{"start":{"line":160,"column":4},"end":{"line":160,"column":30}},"53":{"start":{"line":161,"column":4},"end":{"line":161,"column":17}},"54":{"start":{"line":170,"column":0},"end":{"line":172,"column":1}},"55":{"start":{"line":171,"column":4},"end":{"line":171,"column":44}},"56":{"start":{"line":180,"column":0},"end":{"line":186,"column":1}},"57":{"start":{"line":181,"column":4},"end":{"line":181,"column":44}},"58":{"start":{"line":182,"column":4},"end":{"line":185,"column":5}},"59":{"start":{"line":195,"column":0},"end":{"line":203,"column":1}},"60":{"start":{"line":196,"column":4},"end":{"line":200,"column":6}},"61":{"start":{"line":202,"column":4},"end":{"line":202,"column":45}},"62":{"start":{"line":215,"column":0},"end":{"line":234,"column":1}},"63":{"start":{"line":217,"column":4},"end":{"line":217,"column":51}},"64":{"start":{"line":218,"column":4},"end":{"line":219,"column":54}},"65":{"start":{"line":219,"column":8},"end":{"line":219,"column":54}},"66":{"start":{"line":221,"column":4},"end":{"line":226,"column":5}},"67":{"start":{"line":228,"column":4},"end":{"line":228,"column":58}},"68":{"start":{"line":229,"column":4},"end":{"line":229,"column":57}},"69":{"start":{"line":230,"column":4},"end":{"line":230,"column":70}},"70":{"start":{"line":232,"column":4},"end":{"line":232,"column":33}},"71":{"start":{"line":245,"column":0},"end":{"line":275,"column":1}},"72":{"start":{"line":247,"column":4},"end":{"line":247,"column":32}},"73":{"start":{"line":249,"column":4},"end":{"line":251,"column":5}},"74":{"start":{"line":250,"column":8},"end":{"line":250,"column":48}},"75":{"start":{"line":253,"column":4},"end":{"line":253,"column":26}},"76":{"start":{"line":254,"column":4},"end":{"line":254,"column":27}},"77":{"start":{"line":255,"column":4},"end":{"line":255,"column":44}},"78":{"start":{"line":257,"column":4},"end":{"line":257,"column":53}},"79":{"start":{"line":258,"column":4},"end":{"line":258,"column":21}},"80":{"start":{"line":259,"column":4},"end":{"line":261,"column":5}},"81":{"start":{"line":260,"column":8},"end":{"line":260,"column":62}},"82":{"start":{"line":262,"column":4},"end":{"line":264,"column":5}},"83":{"start":{"line":263,"column":8},"end":{"line":263,"column":52}},"84":{"start":{"line":266,"column":4},"end":{"line":266,"column":55}},"85":{"start":{"line":267,"column":4},"end":{"line":271,"column":5}},"86":{"start":{"line":268,"column":8},"end":{"line":268,"column":82}},"87":{"start":{"line":269,"column":11},"end":{"line":271,"column":5}},"88":{"start":{"line":270,"column":8},"end":{"line":270,"column":43}},"89":{"start":{"line":273,"column":4},"end":{"line":273,"column":46}},"90":{"start":{"line":277,"column":0},"end":{"line":288,"column":1}}},"branchMap":{"1":{"line":42,"type":"if","locations":[{"start":{"line":42,"column":4},"end":{"line":42,"column":4}},{"start":{"line":42,"column":4},"end":{"line":42,"column":4}}]},"2":{"line":51,"type":"if","locations":[{"start":{"line":51,"column":4},"end":{"line":51,"column":4}},{"start":{"line":51,"column":4},"end":{"line":51,"column":4}}]},"3":{"line":86,"type":"cond-expr","locations":[{"start":{"line":86,"column":49},"end":{"line":86,"column":57}},{"start":{"line":86,"column":60},"end":{"line":86,"column":78}}]},"4":{"line":139,"type":"if","locations":[{"start":{"line":139,"column":4},"end":{"line":139,"column":4}},{"start":{"line":139,"column":4},"end":{"line":139,"column":4}}]},"5":{"line":218,"type":"if","locations":[{"start":{"line":218,"column":4},"end":{"line":218,"column":4}},{"start":{"line":218,"column":4},"end":{"line":218,"column":4}}]},"6":{"line":218,"type":"binary-expr","locations":[{"start":{"line":218,"column":8},"end":{"line":218,"column":15}},{"start":{"line":218,"column":19},"end":{"line":218,"column":30}}]},"7":{"line":249,"type":"if","locations":[{"start":{"line":249,"column":4},"end":{"line":249,"column":4}},{"start":{"line":249,"column":4},"end":{"line":249,"column":4}}]},"8":{"line":259,"type":"if","locations":[{"start":{"line":259,"column":4},"end":{"line":259,"column":4}},{"start":{"line":259,"column":4},"end":{"line":259,"column":4}}]},"9":{"line":262,"type":"if","locations":[{"start":{"line":262,"column":4},"end":{"line":262,"column":4}},{"start":{"line":262,"column":4},"end":{"line":262,"column":4}}]},"10":{"line":267,"type":"if","locations":[{"start":{"line":267,"column":4},"end":{"line":267,"column":4}},{"start":{"line":267,"column":4},"end":{"line":267,"column":4}}]},"11":{"line":269,"type":"if","locations":[{"start":{"line":269,"column":11},"end":{"line":269,"column":11}},{"start":{"line":269,"column":11},"end":{"line":269,"column":11}}]},"12":{"line":269,"type":"binary-expr","locations":[{"start":{"line":269,"column":15},"end":{"line":269,"column":30}},{"start":{"line":269,"column":35},"end":{"line":269,"column":78}}]}}},"/home/blackjak/bitws-js/dist/bitws-js.min.js":{"path":"/home/blackjak/bitws-js/dist/bitws-js.min.js","s":{"1":1,"2":0,"3":0,"4":0,"5":0,"6":1,"7":0,"8":0,"9":1,"10":0,"11":0,"12":1,"13":0,"14":0,"15":0,"16":0,"17":0,"18":0,"19":1,"20":0,"21":0,"22":1,"23":0,"24":1,"25":0,"26":0,"27":1,"28":0,"29":0,"30":1,"31":0,"32":0,"33":0,"34":0,"35":1,"36":0,"37":0,"38":0,"39":0,"40":0,"41":0,"42":0,"43":0,"44":0,"45":0,"46":0,"47":0,"48":1,"49":1},"b":{"1":[0,0],"2":[0,0],"3":[0,0],"4":[0,0],"5":[0,0,0],"6":[0,0],"7":[0,0],"8":[0,0],"9":[0,0],"10":[0,0],"11":[0,0]},"f":{"1":0,"2":0,"3":0,"4":0,"5":0,"6":0,"7":0,"8":0,"9":0,"10":0},"fnMap":{"1":{"name":"deriveKeys","line":2,"loc":{"start":{"line":2,"column":0},"end":{"line":2,"column":28}}},"2":{"name":"recoverKeys","line":2,"loc":{"start":{"line":2,"column":432},"end":{"line":2,"column":455}}},"3":{"name":"newKeys","line":2,"loc":{"start":{"line":2,"column":760},"end":{"line":2,"column":778}}},"4":{"name":"keyToBuffer","line":2,"loc":{"start":{"line":2,"column":882},"end":{"line":2,"column":905}}},"5":{"name":"checkBytes","line":2,"loc":{"start":{"line":2,"column":1089},"end":{"line":2,"column":1111}}},"6":{"name":"privToWif","line":2,"loc":{"start":{"line":2,"column":1195},"end":{"line":2,"column":1216}}},"7":{"name":"wifToPriv","line":2,"loc":{"start":{"line":2,"column":1254},"end":{"line":2,"column":1275}}},"8":{"name":"jwtHeader","line":2,"loc":{"start":{"line":2,"column":1365},"end":{"line":2,"column":1386}}},"9":{"name":"signSerialize","line":2,"loc":{"start":{"line":2,"column":1475},"end":{"line":2,"column":1506}}},"10":{"name":"validateDeserialize","line":2,"loc":{"start":{"line":2,"column":1758},"end":{"line":2,"column":1793}}}},"statementMap":{"1":{"start":{"line":2,"column":0},"end":{"line":2,"column":432}},"2":{"start":{"line":2,"column":29},"end":{"line":2,"column":61}},"3":{"start":{"line":2,"column":61},"end":{"line":2,"column":241}},"4":{"start":{"line":2,"column":241},"end":{"line":2,"column":347}},"5":{"start":{"line":2,"column":347},"end":{"line":2,"column":431}},"6":{"start":{"line":2,"column":432},"end":{"line":2,"column":760}},"7":{"start":{"line":2,"column":456},"end":{"line":2,"column":695}},"8":{"start":{"line":2,"column":695},"end":{"line":2,"column":759}},"9":{"start":{"line":2,"column":760},"end":{"line":2,"column":882}},"10":{"start":{"line":2,"column":779},"end":{"line":2,"column":808}},"11":{"start":{"line":2,"column":808},"end":{"line":2,"column":881}},"12":{"start":{"line":2,"column":882},"end":{"line":2,"column":1089}},"13":{"start":{"line":2,"column":906},"end":{"line":2,"column":972}},"14":{"start":{"line":2,"column":972},"end":{"line":2,"column":1031}},"15":{"start":{"line":2,"column":994},"end":{"line":2,"column":1031}},"16":{"start":{"line":2,"column":1031},"end":{"line":2,"column":1068}},"17":{"start":{"line":2,"column":1058},"end":{"line":2,"column":1068}},"18":{"start":{"line":2,"column":1068},"end":{"line":2,"column":1088}},"19":{"start":{"line":2,"column":1089},"end":{"line":2,"column":1195}},"20":{"start":{"line":2,"column":1112},"end":{"line":2,"column":1186}},"21":{"start":{"line":2,"column":1186},"end":{"line":2,"column":1194}},"22":{"start":{"line":2,"column":1195},"end":{"line":2,"column":1254}},"23":{"start":{"line":2,"column":1217},"end":{"line":2,"column":1253}},"24":{"start":{"line":2,"column":1254},"end":{"line":2,"column":1365}},"25":{"start":{"line":2,"column":1276},"end":{"line":2,"column":1308}},"26":{"start":{"line":2,"column":1308},"end":{"line":2,"column":1364}},"27":{"start":{"line":2,"column":1365},"end":{"line":2,"column":1475}},"28":{"start":{"line":2,"column":1387},"end":{"line":2,"column":1437}},"29":{"start":{"line":2,"column":1437},"end":{"line":2,"column":1474}},"30":{"start":{"line":2,"column":1475},"end":{"line":2,"column":1758}},"31":{"start":{"line":2,"column":1507},"end":{"line":2,"column":1543}},"32":{"start":{"line":2,"column":1543},"end":{"line":2,"column":1582}},"33":{"start":{"line":2,"column":1582},"end":{"line":2,"column":1743}},"34":{"start":{"line":2,"column":1743},"end":{"line":2,"column":1757}},"35":{"start":{"line":2,"column":1758},"end":{"line":2,"column":2412}},"36":{"start":{"line":2,"column":1794},"end":{"line":2,"column":1813}},"37":{"start":{"line":2,"column":1813},"end":{"line":2,"column":1868}},"38":{"start":{"line":2,"column":1828},"end":{"line":2,"column":1868}},"39":{"start":{"line":2,"column":1868},"end":{"line":2,"column":2056}},"40":{"start":{"line":2,"column":2002},"end":{"line":2,"column":2056}},"41":{"start":{"line":2,"column":2056},"end":{"line":2,"column":2164}},"42":{"start":{"line":2,"column":2120},"end":{"line":2,"column":2164}},"43":{"start":{"line":2,"column":2164},"end":{"line":2,"column":2296}},"44":{"start":{"line":2,"column":2232},"end":{"line":2,"column":2296}},"45":{"start":{"line":2,"column":2296},"end":{"line":2,"column":2374}},"46":{"start":{"line":2,"column":2339},"end":{"line":2,"column":2374}},"47":{"start":{"line":2,"column":2374},"end":{"line":2,"column":2411}},"48":{"start":{"line":2,"column":2412},"end":{"line":2,"column":2672}},"49":{"start":{"line":2,"column":2672},"end":{"line":2,"column":2921}}},"branchMap":{"1":{"line":2,"type":"cond-expr","locations":[{"start":{"line":2,"column":64},"end":{"line":2,"column":94}},{"start":{"line":2,"column":97},"end":{"line":2,"column":164}}]},"2":{"line":2,"type":"cond-expr","locations":[{"start":{"line":2,"column":170},"end":{"line":2,"column":185}},{"start":{"line":2,"column":186},"end":{"line":2,"column":240}}]},"3":{"line":2,"type":"cond-expr","locations":[{"start":{"line":2,"column":484},"end":{"line":2,"column":485}},{"start":{"line":2,"column":486},"end":{"line":2,"column":497}}]},"4":{"line":2,"type":"if","locations":[{"start":{"line":2,"column":972},"end":{"line":2,"column":972}},{"start":{"line":2,"column":972},"end":{"line":2,"column":972}}]},"5":{"line":2,"type":"binary-expr","locations":[{"start":{"line":2,"column":1543},"end":{"line":2,"column":1544}},{"start":{"line":2,"column":1546},"end":{"line":2,"column":1549}},{"start":{"line":2,"column":1552},"end":{"line":2,"column":1580}}]},"6":{"line":2,"type":"if","locations":[{"start":{"line":2,"column":1813},"end":{"line":2,"column":1813}},{"start":{"line":2,"column":1813},"end":{"line":2,"column":1813}}]},"7":{"line":2,"type":"if","locations":[{"start":{"line":2,"column":1868},"end":{"line":2,"column":1868}},{"start":{"line":2,"column":1868},"end":{"line":2,"column":1868}}]},"8":{"line":2,"type":"if","locations":[{"start":{"line":2,"column":2056},"end":{"line":2,"column":2056}},{"start":{"line":2,"column":2056},"end":{"line":2,"column":2056}}]},"9":{"line":2,"type":"if","locations":[{"start":{"line":2,"column":2164},"end":{"line":2,"column":2164}},{"start":{"line":2,"column":2164},"end":{"line":2,"column":2164}}]},"10":{"line":2,"type":"if","locations":[{"start":{"line":2,"column":2296},"end":{"line":2,"column":2296}},{"start":{"line":2,"column":2296},"end":{"line":2,"column":2296}}]},"11":{"line":2,"type":"binary-expr","locations":[{"start":{"line":2,"column":2299},"end":{"line":2,"column":2300}},{"start":{"line":2,"column":2302},"end":{"line":2,"column":2338}}]}}}}