{"/home/blackjak/bitjws-js/dist/bitws-js.js":{"path":"/home/blackjak/bitjws-js/dist/bitws-js.js","s":{"1":1,"2":1,"3":1,"4":1,"5":1,"6":1,"7":1,"8":1,"9":1,"10":1,"11":3,"12":3,"13":3,"14":3,"15":1,"16":1,"17":2,"18":2,"19":3,"20":2,"21":1,"22":3,"23":3,"24":3,"25":3,"26":1,"27":3,"28":3,"29":3,"30":3,"31":3,"32":3,"33":3,"34":3,"35":3,"36":1,"37":3,"38":3,"39":3,"40":3,"41":0,"42":3,"43":24,"44":3,"45":1,"46":3,"47":3,"48":3,"49":3,"50":1,"51":1,"52":1,"53":1,"54":1,"55":1,"56":2,"57":2,"58":1,"59":2,"60":2,"61":2,"62":2,"63":2,"64":1,"65":1,"66":2,"67":2,"68":2,"69":2,"70":2,"71":2,"72":1,"73":2,"74":2,"75":2,"76":2,"77":0,"78":2,"79":2,"80":2,"81":2,"82":2,"83":2,"84":0,"85":2,"86":0,"87":2,"88":2,"89":0,"90":2,"91":0,"92":2,"93":1},"b":{"1":[1,2],"2":[2,1],"3":[3,0],"4":[0,3],"5":[1,1],"6":[2,1],"7":[0,2],"8":[0,2],"9":[0,2],"10":[0,2],"11":[0,2],"12":[2,1]},"f":{"1":3,"2":3,"3":3,"4":3,"5":1,"6":1,"7":2,"8":2,"9":2},"fnMap":{"1":{"name":"deriveKeys","line":37,"loc":{"start":{"line":37,"column":0},"end":{"line":37,"column":53}}},"2":{"name":"recoverKeys","line":86,"loc":{"start":{"line":86,"column":0},"end":{"line":86,"column":31}}},"3":{"name":"keyToBuffer","line":124,"loc":{"start":{"line":124,"column":0},"end":{"line":124,"column":26}}},"4":{"name":"checkBytes","line":147,"loc":{"start":{"line":147,"column":0},"end":{"line":147,"column":26}}},"5":{"name":"privToWif","line":160,"loc":{"start":{"line":160,"column":0},"end":{"line":160,"column":25}}},"6":{"name":"wifToPriv","line":170,"loc":{"start":{"line":170,"column":0},"end":{"line":170,"column":24}}},"7":{"name":"jwtHeader","line":183,"loc":{"start":{"line":183,"column":0},"end":{"line":183,"column":26}}},"8":{"name":"signSerialize","line":215,"loc":{"start":{"line":215,"column":0},"end":{"line":215,"column":52}}},"9":{"name":"validateDeserialize","line":250,"loc":{"start":{"line":250,"column":0},"end":{"line":250,"column":56}}}},"statementMap":{"1":{"start":{"line":1,"column":0},"end":{"line":1,"column":27}},"2":{"start":{"line":2,"column":0},"end":{"line":2,"column":37}},"3":{"start":{"line":3,"column":0},"end":{"line":3,"column":43}},"4":{"start":{"line":4,"column":0},"end":{"line":4,"column":38}},"5":{"start":{"line":5,"column":0},"end":{"line":5,"column":41}},"6":{"start":{"line":6,"column":0},"end":{"line":6,"column":38}},"7":{"start":{"line":7,"column":0},"end":{"line":7,"column":49}},"8":{"start":{"line":23,"column":0},"end":{"line":23,"column":17}},"9":{"start":{"line":24,"column":0},"end":{"line":24,"column":22}},"10":{"start":{"line":37,"column":0},"end":{"line":71,"column":1}},"11":{"start":{"line":38,"column":4},"end":{"line":38,"column":36}},"12":{"start":{"line":39,"column":4},"end":{"line":39,"column":35}},"13":{"start":{"line":40,"column":4},"end":{"line":40,"column":33}},"14":{"start":{"line":42,"column":4},"end":{"line":48,"column":5}},"15":{"start":{"line":43,"column":8},"end":{"line":43,"column":46}},"16":{"start":{"line":44,"column":8},"end":{"line":44,"column":23}},"17":{"start":{"line":46,"column":8},"end":{"line":46,"column":57}},"18":{"start":{"line":47,"column":8},"end":{"line":47,"column":51}},"19":{"start":{"line":51,"column":4},"end":{"line":55,"column":5}},"20":{"start":{"line":52,"column":8},"end":{"line":52,"column":79}},"21":{"start":{"line":54,"column":8},"end":{"line":54,"column":42}},"22":{"start":{"line":56,"column":4},"end":{"line":56,"column":61}},"23":{"start":{"line":57,"column":4},"end":{"line":57,"column":80}},"24":{"start":{"line":59,"column":4},"end":{"line":59,"column":34}},"25":{"start":{"line":61,"column":4},"end":{"line":70,"column":6}},"26":{"start":{"line":86,"column":0},"end":{"line":106,"column":1}},"27":{"start":{"line":87,"column":4},"end":{"line":87,"column":79}},"28":{"start":{"line":88,"column":4},"end":{"line":88,"column":39}},"29":{"start":{"line":89,"column":4},"end":{"line":89,"column":42}},"30":{"start":{"line":90,"column":4},"end":{"line":90,"column":43}},"31":{"start":{"line":91,"column":4},"end":{"line":91,"column":42}},"32":{"start":{"line":93,"column":4},"end":{"line":93,"column":73}},"33":{"start":{"line":94,"column":4},"end":{"line":94,"column":40}},"34":{"start":{"line":95,"column":4},"end":{"line":95,"column":66}},"35":{"start":{"line":97,"column":4},"end":{"line":105,"column":6}},"36":{"start":{"line":124,"column":0},"end":{"line":138,"column":1}},"37":{"start":{"line":125,"column":4},"end":{"line":125,"column":38}},"38":{"start":{"line":126,"column":4},"end":{"line":126,"column":40}},"39":{"start":{"line":127,"column":4},"end":{"line":127,"column":40}},"40":{"start":{"line":129,"column":4},"end":{"line":131,"column":5}},"41":{"start":{"line":130,"column":8},"end":{"line":130,"column":45}},"42":{"start":{"line":133,"column":4},"end":{"line":135,"column":5}},"43":{"start":{"line":134,"column":8},"end":{"line":134,"column":26}},"44":{"start":{"line":137,"column":4},"end":{"line":137,"column":29}},"45":{"start":{"line":147,"column":0},"end":{"line":152,"column":1}},"46":{"start":{"line":148,"column":4},"end":{"line":148,"column":43}},"47":{"start":{"line":149,"column":4},"end":{"line":149,"column":44}},"48":{"start":{"line":150,"column":4},"end":{"line":150,"column":30}},"49":{"start":{"line":151,"column":4},"end":{"line":151,"column":17}},"50":{"start":{"line":160,"column":0},"end":{"line":162,"column":1}},"51":{"start":{"line":161,"column":4},"end":{"line":161,"column":44}},"52":{"start":{"line":170,"column":0},"end":{"line":173,"column":1}},"53":{"start":{"line":171,"column":4},"end":{"line":171,"column":49}},"54":{"start":{"line":172,"column":4},"end":{"line":172,"column":33}},"55":{"start":{"line":183,"column":0},"end":{"line":191,"column":1}},"56":{"start":{"line":184,"column":4},"end":{"line":188,"column":6}},"57":{"start":{"line":190,"column":4},"end":{"line":190,"column":45}},"58":{"start":{"line":215,"column":0},"end":{"line":239,"column":1}},"59":{"start":{"line":216,"column":4},"end":{"line":216,"column":12}},"60":{"start":{"line":217,"column":4},"end":{"line":217,"column":19}},"61":{"start":{"line":218,"column":4},"end":{"line":218,"column":18}},"62":{"start":{"line":219,"column":4},"end":{"line":219,"column":20}},"63":{"start":{"line":224,"column":4},"end":{"line":227,"column":58}},"64":{"start":{"line":225,"column":8},"end":{"line":225,"column":61}},"65":{"start":{"line":227,"column":8},"end":{"line":227,"column":58}},"66":{"start":{"line":229,"column":4},"end":{"line":229,"column":38}},"67":{"start":{"line":232,"column":4},"end":{"line":232,"column":21}},"68":{"start":{"line":234,"column":4},"end":{"line":234,"column":70}},"69":{"start":{"line":235,"column":4},"end":{"line":235,"column":53}},"70":{"start":{"line":236,"column":4},"end":{"line":236,"column":66}},"71":{"start":{"line":238,"column":4},"end":{"line":238,"column":33}},"72":{"start":{"line":250,"column":0},"end":{"line":279,"column":1}},"73":{"start":{"line":251,"column":4},"end":{"line":251,"column":41}},"74":{"start":{"line":252,"column":4},"end":{"line":252,"column":29}},"75":{"start":{"line":253,"column":4},"end":{"line":253,"column":32}},"76":{"start":{"line":255,"column":4},"end":{"line":257,"column":5}},"77":{"start":{"line":256,"column":8},"end":{"line":256,"column":48}},"78":{"start":{"line":258,"column":4},"end":{"line":258,"column":26}},"79":{"start":{"line":259,"column":4},"end":{"line":259,"column":27}},"80":{"start":{"line":260,"column":4},"end":{"line":260,"column":44}},"81":{"start":{"line":262,"column":4},"end":{"line":262,"column":53}},"82":{"start":{"line":263,"column":4},"end":{"line":263,"column":21}},"83":{"start":{"line":264,"column":4},"end":{"line":266,"column":5}},"84":{"start":{"line":265,"column":8},"end":{"line":265,"column":62}},"85":{"start":{"line":267,"column":4},"end":{"line":269,"column":5}},"86":{"start":{"line":268,"column":8},"end":{"line":268,"column":52}},"87":{"start":{"line":271,"column":4},"end":{"line":271,"column":55}},"88":{"start":{"line":272,"column":4},"end":{"line":276,"column":5}},"89":{"start":{"line":273,"column":8},"end":{"line":273,"column":82}},"90":{"start":{"line":274,"column":11},"end":{"line":276,"column":5}},"91":{"start":{"line":275,"column":8},"end":{"line":275,"column":43}},"92":{"start":{"line":278,"column":4},"end":{"line":278,"column":46}},"93":{"start":{"line":281,"column":0},"end":{"line":290,"column":1}}},"branchMap":{"1":{"line":42,"type":"if","locations":[{"start":{"line":42,"column":4},"end":{"line":42,"column":4}},{"start":{"line":42,"column":4},"end":{"line":42,"column":4}}]},"2":{"line":51,"type":"if","locations":[{"start":{"line":51,"column":4},"end":{"line":51,"column":4}},{"start":{"line":51,"column":4},"end":{"line":51,"column":4}}]},"3":{"line":87,"type":"cond-expr","locations":[{"start":{"line":87,"column":49},"end":{"line":87,"column":57}},{"start":{"line":87,"column":60},"end":{"line":87,"column":78}}]},"4":{"line":129,"type":"if","locations":[{"start":{"line":129,"column":4},"end":{"line":129,"column":4}},{"start":{"line":129,"column":4},"end":{"line":129,"column":4}}]},"5":{"line":224,"type":"if","locations":[{"start":{"line":224,"column":4},"end":{"line":224,"column":4}},{"start":{"line":224,"column":4},"end":{"line":224,"column":4}}]},"6":{"line":224,"type":"binary-expr","locations":[{"start":{"line":224,"column":8},"end":{"line":224,"column":15}},{"start":{"line":224,"column":19},"end":{"line":224,"column":30}}]},"7":{"line":255,"type":"if","locations":[{"start":{"line":255,"column":4},"end":{"line":255,"column":4}},{"start":{"line":255,"column":4},"end":{"line":255,"column":4}}]},"8":{"line":264,"type":"if","locations":[{"start":{"line":264,"column":4},"end":{"line":264,"column":4}},{"start":{"line":264,"column":4},"end":{"line":264,"column":4}}]},"9":{"line":267,"type":"if","locations":[{"start":{"line":267,"column":4},"end":{"line":267,"column":4}},{"start":{"line":267,"column":4},"end":{"line":267,"column":4}}]},"10":{"line":272,"type":"if","locations":[{"start":{"line":272,"column":4},"end":{"line":272,"column":4}},{"start":{"line":272,"column":4},"end":{"line":272,"column":4}}]},"11":{"line":274,"type":"if","locations":[{"start":{"line":274,"column":11},"end":{"line":274,"column":11}},{"start":{"line":274,"column":11},"end":{"line":274,"column":11}}]},"12":{"line":274,"type":"binary-expr","locations":[{"start":{"line":274,"column":15},"end":{"line":274,"column":30}},{"start":{"line":274,"column":35},"end":{"line":274,"column":78}}]}}},"/home/blackjak/bitjws-js/dist/bitws-js.min.js":{"path":"/home/blackjak/bitjws-js/dist/bitws-js.min.js","s":{"1":1,"2":3,"3":3,"4":3,"5":3,"6":1,"7":3,"8":3,"9":1,"10":3,"11":3,"12":0,"13":3,"14":24,"15":3,"16":1,"17":3,"18":3,"19":1,"20":1,"21":1,"22":1,"23":1,"24":1,"25":2,"26":2,"27":1,"28":2,"29":2,"30":1,"31":2,"32":2,"33":0,"34":2,"35":0,"36":2,"37":0,"38":2,"39":0,"40":2,"41":0,"42":2,"43":1,"44":1},"b":{"1":[1,2],"2":[1,2],"3":[3,0],"4":[0,3],"5":[1,1],"6":[2,1],"7":[0,2],"8":[0,2],"9":[0,2],"10":[0,2],"11":[0,2],"12":[2,1]},"f":{"1":3,"2":3,"3":3,"4":3,"5":1,"6":1,"7":2,"8":2,"9":2},"fnMap":{"1":{"name":"deriveKeys","line":2,"loc":{"start":{"line":2,"column":0},"end":{"line":2,"column":28}}},"2":{"name":"recoverKeys","line":2,"loc":{"start":{"line":2,"column":432},"end":{"line":2,"column":455}}},"3":{"name":"keyToBuffer","line":2,"loc":{"start":{"line":2,"column":731},"end":{"line":2,"column":754}}},"4":{"name":"checkBytes","line":2,"loc":{"start":{"line":2,"column":938},"end":{"line":2,"column":960}}},"5":{"name":"privToWif","line":2,"loc":{"start":{"line":2,"column":1044},"end":{"line":2,"column":1065}}},"6":{"name":"wifToPriv","line":2,"loc":{"start":{"line":2,"column":1103},"end":{"line":2,"column":1124}}},"7":{"name":"jwtHeader","line":2,"loc":{"start":{"line":2,"column":1177},"end":{"line":2,"column":1198}}},"8":{"name":"signSerialize","line":2,"loc":{"start":{"line":2,"column":1287},"end":{"line":2,"column":1318}}},"9":{"name":"validateDeserialize","line":2,"loc":{"start":{"line":2,"column":1579},"end":{"line":2,"column":1614}}}},"statementMap":{"1":{"start":{"line":2,"column":0},"end":{"line":2,"column":432}},"2":{"start":{"line":2,"column":29},"end":{"line":2,"column":61}},"3":{"start":{"line":2,"column":61},"end":{"line":2,"column":241}},"4":{"start":{"line":2,"column":241},"end":{"line":2,"column":347}},"5":{"start":{"line":2,"column":347},"end":{"line":2,"column":431}},"6":{"start":{"line":2,"column":432},"end":{"line":2,"column":731}},"7":{"start":{"line":2,"column":456},"end":{"line":2,"column":672}},"8":{"start":{"line":2,"column":672},"end":{"line":2,"column":730}},"9":{"start":{"line":2,"column":731},"end":{"line":2,"column":938}},"10":{"start":{"line":2,"column":755},"end":{"line":2,"column":821}},"11":{"start":{"line":2,"column":821},"end":{"line":2,"column":880}},"12":{"start":{"line":2,"column":843},"end":{"line":2,"column":880}},"13":{"start":{"line":2,"column":880},"end":{"line":2,"column":917}},"14":{"start":{"line":2,"column":907},"end":{"line":2,"column":917}},"15":{"start":{"line":2,"column":917},"end":{"line":2,"column":937}},"16":{"start":{"line":2,"column":938},"end":{"line":2,"column":1044}},"17":{"start":{"line":2,"column":961},"end":{"line":2,"column":1035}},"18":{"start":{"line":2,"column":1035},"end":{"line":2,"column":1043}},"19":{"start":{"line":2,"column":1044},"end":{"line":2,"column":1103}},"20":{"start":{"line":2,"column":1066},"end":{"line":2,"column":1102}},"21":{"start":{"line":2,"column":1103},"end":{"line":2,"column":1177}},"22":{"start":{"line":2,"column":1125},"end":{"line":2,"column":1157}},"23":{"start":{"line":2,"column":1157},"end":{"line":2,"column":1176}},"24":{"start":{"line":2,"column":1177},"end":{"line":2,"column":1287}},"25":{"start":{"line":2,"column":1199},"end":{"line":2,"column":1249}},"26":{"start":{"line":2,"column":1249},"end":{"line":2,"column":1286}},"27":{"start":{"line":2,"column":1287},"end":{"line":2,"column":1579}},"28":{"start":{"line":2,"column":1319},"end":{"line":2,"column":1334}},"29":{"start":{"line":2,"column":1334},"end":{"line":2,"column":1578}},"30":{"start":{"line":2,"column":1579},"end":{"line":2,"column":2127}},"31":{"start":{"line":2,"column":1615},"end":{"line":2,"column":1646}},"32":{"start":{"line":2,"column":1646},"end":{"line":2,"column":1701}},"33":{"start":{"line":2,"column":1661},"end":{"line":2,"column":1701}},"34":{"start":{"line":2,"column":1701},"end":{"line":2,"column":1842}},"35":{"start":{"line":2,"column":1788},"end":{"line":2,"column":1842}},"36":{"start":{"line":2,"column":1842},"end":{"line":2,"column":1923}},"37":{"start":{"line":2,"column":1879},"end":{"line":2,"column":1923}},"38":{"start":{"line":2,"column":1923},"end":{"line":2,"column":2028}},"39":{"start":{"line":2,"column":1970},"end":{"line":2,"column":2028}},"40":{"start":{"line":2,"column":2028},"end":{"line":2,"column":2100}},"41":{"start":{"line":2,"column":2065},"end":{"line":2,"column":2100}},"42":{"start":{"line":2,"column":2100},"end":{"line":2,"column":2126}},"43":{"start":{"line":2,"column":2127},"end":{"line":2,"column":2387}},"44":{"start":{"line":2,"column":2387},"end":{"line":2,"column":2604}}},"branchMap":{"1":{"line":2,"type":"cond-expr","locations":[{"start":{"line":2,"column":64},"end":{"line":2,"column":94}},{"start":{"line":2,"column":97},"end":{"line":2,"column":164}}]},"2":{"line":2,"type":"cond-expr","locations":[{"start":{"line":2,"column":170},"end":{"line":2,"column":185}},{"start":{"line":2,"column":186},"end":{"line":2,"column":240}}]},"3":{"line":2,"type":"cond-expr","locations":[{"start":{"line":2,"column":484},"end":{"line":2,"column":485}},{"start":{"line":2,"column":486},"end":{"line":2,"column":497}}]},"4":{"line":2,"type":"if","locations":[{"start":{"line":2,"column":821},"end":{"line":2,"column":821}},{"start":{"line":2,"column":821},"end":{"line":2,"column":821}}]},"5":{"line":2,"type":"cond-expr","locations":[{"start":{"line":2,"column":1348},"end":{"line":2,"column":1380}},{"start":{"line":2,"column":1381},"end":{"line":2,"column":1416}}]},"6":{"line":2,"type":"binary-expr","locations":[{"start":{"line":2,"column":1341},"end":{"line":2,"column":1342}},{"start":{"line":2,"column":1344},"end":{"line":2,"column":1347}}]},"7":{"line":2,"type":"if","locations":[{"start":{"line":2,"column":1646},"end":{"line":2,"column":1646}},{"start":{"line":2,"column":1646},"end":{"line":2,"column":1646}}]},"8":{"line":2,"type":"if","locations":[{"start":{"line":2,"column":1701},"end":{"line":2,"column":1701}},{"start":{"line":2,"column":1701},"end":{"line":2,"column":1701}}]},"9":{"line":2,"type":"if","locations":[{"start":{"line":2,"column":1842},"end":{"line":2,"column":1842}},{"start":{"line":2,"column":1842},"end":{"line":2,"column":1842}}]},"10":{"line":2,"type":"if","locations":[{"start":{"line":2,"column":1923},"end":{"line":2,"column":1923}},{"start":{"line":2,"column":1923},"end":{"line":2,"column":1923}}]},"11":{"line":2,"type":"if","locations":[{"start":{"line":2,"column":2028},"end":{"line":2,"column":2028}},{"start":{"line":2,"column":2028},"end":{"line":2,"column":2028}}]},"12":{"line":2,"type":"binary-expr","locations":[{"start":{"line":2,"column":2031},"end":{"line":2,"column":2032}},{"start":{"line":2,"column":2034},"end":{"line":2,"column":2064}}]}}}}