TN:
SF:/home/blackjak/bitws-js/dist/bitws-js.js
FN:37,deriveKeys
FN:85,recoverKeys
FN:124,keyToBuffer
FN:147,checkBytes
FN:160,privToWif
FN:170,wifToPriv
FN:185,jwtHeader
FN:205,signSerialize
FN:235,validateDeserialize
FNF:9
FNH:7
FNDA:1,deriveKeys
FNDA:1,recoverKeys
FNDA:1,keyToBuffer
FNDA:1,checkBytes
FNDA:0,privToWif
FNDA:0,wifToPriv
FNDA:6,jwtHeader
FNDA:6,signSerialize
FNDA:6,validateDeserialize
DA:1,1
DA:2,1
DA:3,1
DA:4,1
DA:5,1
DA:6,1
DA:7,1
DA:23,1
DA:24,1
DA:37,1
DA:38,1
DA:39,1
DA:40,1
DA:42,1
DA:43,0
DA:44,0
DA:46,1
DA:47,1
DA:51,1
DA:52,1
DA:54,0
DA:56,1
DA:57,1
DA:59,1
DA:61,1
DA:85,1
DA:86,1
DA:87,1
DA:88,1
DA:89,1
DA:90,1
DA:92,1
DA:93,1
DA:94,1
DA:95,1
DA:97,1
DA:124,1
DA:125,1
DA:126,1
DA:127,1
DA:129,1
DA:130,0
DA:133,1
DA:134,8
DA:137,1
DA:147,1
DA:148,1
DA:149,1
DA:150,1
DA:151,1
DA:160,1
DA:161,0
DA:170,1
DA:171,0
DA:172,0
DA:185,1
DA:186,6
DA:192,6
DA:205,1
DA:207,6
DA:208,6
DA:209,4
DA:211,6
DA:218,6
DA:219,6
DA:220,6
DA:222,6
DA:235,1
DA:237,6
DA:239,6
DA:240,0
DA:243,6
DA:244,6
DA:245,6
DA:247,6
DA:248,6
DA:249,6
DA:250,0
DA:252,6
DA:253,0
DA:256,6
DA:257,6
DA:258,0
DA:259,6
DA:260,2
DA:263,4
DA:267,1
LF:87
LH:76
BRDA:42,1,0,0
BRDA:42,1,1,1
BRDA:51,2,0,1
BRDA:51,2,1,0
BRDA:86,3,0,1
BRDA:86,3,1,0
BRDA:129,4,0,0
BRDA:129,4,1,1
BRDA:208,5,0,4
BRDA:208,5,1,2
BRDA:208,6,0,6
BRDA:208,6,1,4
BRDA:239,7,0,0
BRDA:239,7,1,6
BRDA:249,8,0,0
BRDA:249,8,1,6
BRDA:252,9,0,0
BRDA:252,9,1,6
BRDA:257,10,0,0
BRDA:257,10,1,6
BRDA:259,11,0,2
BRDA:259,11,1,4
BRDA:259,12,0,6
BRDA:259,12,1,6
BRF:24
BRH:16
end_of_record
TN:
SF:/home/blackjak/bitws-js/dist/bitws-js.min.js
FN:2,deriveKeys
FN:2,recoverKeys
FN:2,keyToBuffer
FN:2,checkBytes
FN:2,privToWif
FN:2,wifToPriv
FN:2,jwtHeader
FN:2,signSerialize
FN:2,validateDeserialize
FNF:9
FNH:0
FNDA:0,deriveKeys
FNDA:0,recoverKeys
FNDA:0,keyToBuffer
FNDA:0,checkBytes
FNDA:0,privToWif
FNDA:0,wifToPriv
FNDA:0,jwtHeader
FNDA:0,signSerialize
FNDA:0,validateDeserialize
DA:2,1
LF:1
LH:1
BRDA:2,1,0,0
BRDA:2,1,1,0
BRDA:2,2,0,0
BRDA:2,2,1,0
BRDA:2,3,0,0
BRDA:2,3,1,0
BRDA:2,4,0,0
BRDA:2,4,1,0
BRDA:2,5,0,0
BRDA:2,5,1,0
BRDA:2,5,2,0
BRDA:2,6,0,0
BRDA:2,6,1,0
BRDA:2,7,0,0
BRDA:2,7,1,0
BRDA:2,8,0,0
BRDA:2,8,1,0
BRDA:2,9,0,0
BRDA:2,9,1,0
BRDA:2,10,0,0
BRDA:2,10,1,0
BRDA:2,11,0,0
BRDA:2,11,1,0
BRF:23
BRH:0
end_of_record
