TN:
SF:/home/blackjak/bitjws-js/dist/bitws-js.js
FN:37,deriveKeys
FN:86,recoverKeys
FN:126,keyToBuffer
FN:149,checkBytes
FN:162,privToWif
FN:172,wifToPriv
FN:189,jwtHeader
FN:221,signSerialize
FN:256,validateDeserialize
FNF:9
FNH:6
FNDA:2,deriveKeys
FNDA:2,recoverKeys
FNDA:2,keyToBuffer
FNDA:2,checkBytes
FNDA:1,privToWif
FNDA:1,wifToPriv
FNDA:0,jwtHeader
FNDA:0,signSerialize
FNDA:0,validateDeserialize
DA:1,1
DA:2,1
DA:3,1
DA:4,1
DA:5,1
DA:6,1
DA:7,1
DA:23,1
DA:24,1
DA:37,1
DA:38,2
DA:39,2
DA:40,2
DA:42,2
DA:43,0
DA:44,0
DA:46,2
DA:47,2
DA:51,2
DA:52,2
DA:54,0
DA:56,2
DA:57,2
DA:59,2
DA:61,0
DA:86,1
DA:87,2
DA:88,2
DA:89,2
DA:90,2
DA:91,2
DA:93,2
DA:94,2
DA:95,2
DA:96,2
DA:98,0
DA:126,1
DA:127,2
DA:128,2
DA:129,2
DA:131,2
DA:132,0
DA:135,2
DA:136,16
DA:139,2
DA:149,1
DA:150,2
DA:151,2
DA:152,2
DA:153,2
DA:162,1
DA:163,1
DA:172,1
DA:173,1
DA:174,1
DA:189,1
DA:190,0
DA:196,0
DA:221,1
DA:222,0
DA:223,0
DA:224,0
DA:225,0
DA:230,0
DA:231,0
DA:233,0
DA:235,0
DA:238,0
DA:240,0
DA:241,0
DA:242,0
DA:244,0
DA:256,1
DA:257,0
DA:258,0
DA:259,0
DA:261,0
DA:262,0
DA:264,0
DA:265,0
DA:266,0
DA:268,0
DA:269,0
DA:270,0
DA:271,0
DA:273,0
DA:274,0
DA:277,0
DA:278,0
DA:279,0
DA:280,0
DA:281,0
DA:284,0
DA:287,1
LF:94
LH:53
BRDA:42,1,0,0
BRDA:42,1,1,2
BRDA:51,2,0,2
BRDA:51,2,1,0
BRDA:87,3,0,2
BRDA:87,3,1,0
BRDA:131,4,0,0
BRDA:131,4,1,2
BRDA:230,5,0,0
BRDA:230,5,1,0
BRDA:230,6,0,0
BRDA:230,6,1,0
BRDA:261,7,0,0
BRDA:261,7,1,0
BRDA:270,8,0,0
BRDA:270,8,1,0
BRDA:273,9,0,0
BRDA:273,9,1,0
BRDA:278,10,0,0
BRDA:278,10,1,0
BRDA:280,11,0,0
BRDA:280,11,1,0
BRDA:280,12,0,0
BRDA:280,12,1,0
BRF:24
BRH:4
end_of_record
TN:
SF:/home/blackjak/bitjws-js/dist/bitws-js.min.js
FN:2,deriveKeys
FN:2,recoverKeys
FN:2,keyToBuffer
FN:2,checkBytes
FN:2,privToWif
FN:2,wifToPriv
FN:2,jwtHeader
FN:2,signSerialize
FN:2,validateDeserialize
FNF:9
FNH:6
FNDA:2,deriveKeys
FNDA:2,recoverKeys
FNDA:2,keyToBuffer
FNDA:2,checkBytes
FNDA:1,privToWif
FNDA:1,wifToPriv
FNDA:0,jwtHeader
FNDA:0,signSerialize
FNDA:0,validateDeserialize
DA:2,16
LF:1
LH:1
BRDA:2,1,0,0
BRDA:2,1,1,2
BRDA:2,2,0,0
BRDA:2,2,1,2
BRDA:2,3,0,2
BRDA:2,3,1,0
BRDA:2,4,0,0
BRDA:2,4,1,2
BRDA:2,5,0,0
BRDA:2,5,1,0
BRDA:2,6,0,0
BRDA:2,6,1,0
BRDA:2,7,0,0
BRDA:2,7,1,0
BRDA:2,8,0,0
BRDA:2,8,1,0
BRDA:2,9,0,0
BRDA:2,9,1,0
BRDA:2,10,0,0
BRDA:2,10,1,0
BRDA:2,11,0,0
BRDA:2,11,1,0
BRDA:2,12,0,0
BRDA:2,12,1,0
BRF:24
BRH:4
end_of_record
